<?xml version="1.0" encoding="UTF-8"?>
<coverage generated="1605657757032" clover="3.2.0">
  <project timestamp="1605657757033" name="All files">
    <metrics statements="42" coveredstatements="18" conditionals="0" coveredconditionals="0" methods="37" coveredmethods="14" elements="79" coveredelements="32" complexity="0" loc="42" ncloc="42" packages="3" files="17" classes="17"/>
    <package name="src">
      <metrics statements="22" coveredstatements="14" conditionals="0" coveredconditionals="0" methods="17" coveredmethods="10"/>
      <file name="App.jsx" path="/Users/marissa/Desktop/FEC/reviews_service/client/src/App.jsx">
        <metrics statements="10" coveredstatements="8" conditionals="0" coveredconditionals="0" methods="5" coveredmethods="4"/>
        <line num="20" count="1" type="stmt"/>
        <line num="27" count="1" type="stmt"/>
        <line num="39" count="1" type="stmt"/>
        <line num="41" count="1" type="stmt"/>
        <line num="45" count="1" type="stmt"/>
        <line num="49" count="1" type="stmt"/>
        <line num="53" count="1" type="stmt"/>
        <line num="55" count="0" type="stmt"/>
        <line num="56" count="0" type="stmt"/>
        <line num="70" count="1" type="stmt"/>
      </file>
      <file name="Mentions.jsx" path="/Users/marissa/Desktop/FEC/reviews_service/client/src/Mentions.jsx">
        <metrics statements="2" coveredstatements="2" conditionals="0" coveredconditionals="0" methods="2" coveredmethods="2"/>
        <line num="7" count="2" type="stmt"/>
        <line num="11" count="2" type="stmt"/>
      </file>
      <file name="PageIndex.jsx" path="/Users/marissa/Desktop/FEC/reviews_service/client/src/PageIndex.jsx">
        <metrics statements="2" coveredstatements="2" conditionals="0" coveredconditionals="0" methods="2" coveredmethods="2"/>
        <line num="6" count="1" type="stmt"/>
        <line num="10" count="1" type="stmt"/>
      </file>
      <file name="Search.jsx" path="/Users/marissa/Desktop/FEC/reviews_service/client/src/Search.jsx">
        <metrics statements="2" coveredstatements="2" conditionals="0" coveredconditionals="0" methods="2" coveredmethods="2"/>
        <line num="6" count="1" type="stmt"/>
        <line num="10" count="1" type="stmt"/>
      </file>
      <file name="Tab.jsx" path="/Users/marissa/Desktop/FEC/reviews_service/client/src/Tab.jsx">
        <metrics statements="2" coveredstatements="0" conditionals="0" coveredconditionals="0" methods="2" coveredmethods="0"/>
        <line num="6" count="0" type="stmt"/>
        <line num="10" count="0" type="stmt"/>
      </file>
      <file name="Word.jsx" path="/Users/marissa/Desktop/FEC/reviews_service/client/src/Word.jsx">
        <metrics statements="2" coveredstatements="0" conditionals="0" coveredconditionals="0" methods="2" coveredmethods="0"/>
        <line num="6" count="0" type="stmt"/>
        <line num="10" count="0" type="stmt"/>
      </file>
      <file name="WriteReview.jsx" path="/Users/marissa/Desktop/FEC/reviews_service/client/src/WriteReview.jsx">
        <metrics statements="2" coveredstatements="0" conditionals="0" coveredconditionals="0" methods="2" coveredmethods="0"/>
        <line num="6" count="0" type="stmt"/>
        <line num="10" count="0" type="stmt"/>
      </file>
    </package>
    <package name="src.Feed">
      <metrics statements="10" coveredstatements="2" conditionals="0" coveredconditionals="0" methods="10" coveredmethods="2"/>
      <file name="Feed.jsx" path="/Users/marissa/Desktop/FEC/reviews_service/client/src/Feed/Feed.jsx">
        <metrics statements="2" coveredstatements="2" conditionals="0" coveredconditionals="0" methods="2" coveredmethods="2"/>
        <line num="8" count="1" type="stmt"/>
        <line num="12" count="1" type="stmt"/>
      </file>
      <file name="Info.jsx" path="/Users/marissa/Desktop/FEC/reviews_service/client/src/Feed/Info.jsx">
        <metrics statements="2" coveredstatements="0" conditionals="0" coveredconditionals="0" methods="2" coveredmethods="0"/>
        <line num="6" count="0" type="stmt"/>
        <line num="10" count="0" type="stmt"/>
      </file>
      <file name="Photos.jsx" path="/Users/marissa/Desktop/FEC/reviews_service/client/src/Feed/Photos.jsx">
        <metrics statements="2" coveredstatements="0" conditionals="0" coveredconditionals="0" methods="2" coveredmethods="0"/>
        <line num="6" count="0" type="stmt"/>
        <line num="10" count="0" type="stmt"/>
      </file>
      <file name="Review.jsx" path="/Users/marissa/Desktop/FEC/reviews_service/client/src/Feed/Review.jsx">
        <metrics statements="2" coveredstatements="0" conditionals="0" coveredconditionals="0" methods="2" coveredmethods="0"/>
        <line num="9" count="0" type="stmt"/>
        <line num="13" count="0" type="stmt"/>
      </file>
      <file name="Userbar.jsx" path="/Users/marissa/Desktop/FEC/reviews_service/client/src/Feed/Userbar.jsx">
        <metrics statements="2" coveredstatements="0" conditionals="0" coveredconditionals="0" methods="2" coveredmethods="0"/>
        <line num="6" count="0" type="stmt"/>
        <line num="10" count="0" type="stmt"/>
      </file>
    </package>
    <package name="src.Filters">
      <metrics statements="10" coveredstatements="2" conditionals="0" coveredconditionals="0" methods="10" coveredmethods="2"/>
      <file name="Filters.jsx" path="/Users/marissa/Desktop/FEC/reviews_service/client/src/Filters/Filters.jsx">
        <metrics statements="2" coveredstatements="2" conditionals="0" coveredconditionals="0" methods="2" coveredmethods="2"/>
        <line num="10" count="4" type="stmt"/>
        <line num="14" count="4" type="stmt"/>
      </file>
      <file name="Language.jsx" path="/Users/marissa/Desktop/FEC/reviews_service/client/src/Filters/Language.jsx">
        <metrics statements="2" coveredstatements="0" conditionals="0" coveredconditionals="0" methods="2" coveredmethods="0"/>
        <line num="6" count="0" type="stmt"/>
        <line num="10" count="0" type="stmt"/>
      </file>
      <file name="Rating.jsx" path="/Users/marissa/Desktop/FEC/reviews_service/client/src/Filters/Rating.jsx">
        <metrics statements="2" coveredstatements="0" conditionals="0" coveredconditionals="0" methods="2" coveredmethods="0"/>
        <line num="6" count="0" type="stmt"/>
        <line num="10" count="0" type="stmt"/>
      </file>
      <file name="Season.jsx" path="/Users/marissa/Desktop/FEC/reviews_service/client/src/Filters/Season.jsx">
        <metrics statements="2" coveredstatements="0" conditionals="0" coveredconditionals="0" methods="2" coveredmethods="0"/>
        <line num="6" count="0" type="stmt"/>
        <line num="10" count="0" type="stmt"/>
      </file>
      <file name="TravelType.jsx" path="/Users/marissa/Desktop/FEC/reviews_service/client/src/Filters/TravelType.jsx">
        <metrics statements="2" coveredstatements="0" conditionals="0" coveredconditionals="0" methods="2" coveredmethods="0"/>
        <line num="6" count="0" type="stmt"/>
        <line num="10" count="0" type="stmt"/>
      </file>
    </package>
  </project>
</coverage>
