{"/Users/marissa/Desktop/FEC/reviews_service/client/src/App.jsx": {"path":"/Users/marissa/Desktop/FEC/reviews_service/client/src/App.jsx","statementMap":{"0":{"start":{"line":16,"column":4},"end":{"line":16,"column":17}},"1":{"start":{"line":18,"column":4},"end":{"line":30,"column":5}},"2":{"start":{"line":32,"column":4},"end":{"line":32,"column":52}},"3":{"start":{"line":33,"column":4},"end":{"line":33,"column":52}},"4":{"start":{"line":34,"column":4},"end":{"line":34,"column":52}},"5":{"start":{"line":35,"column":4},"end":{"line":35,"column":50}},"6":{"start":{"line":37,"column":4},"end":{"line":37,"column":48}},"7":{"start":{"line":38,"column":4},"end":{"line":38,"column":52}},"8":{"start":{"line":39,"column":4},"end":{"line":39,"column":52}},"9":{"start":{"line":40,"column":4},"end":{"line":40,"column":52}},"10":{"start":{"line":44,"column":4},"end":{"line":44,"column":24}},"11":{"start":{"line":45,"column":4},"end":{"line":45,"column":24}},"12":{"start":{"line":49,"column":4},"end":{"line":64,"column":8}},"13":{"start":{"line":51,"column":8},"end":{"line":53,"column":10}},"14":{"start":{"line":54,"column":8},"end":{"line":54,"column":20}},"15":{"start":{"line":57,"column":20},"end":{"line":57,"column":21}},"16":{"start":{"line":58,"column":8},"end":{"line":60,"column":9}},"17":{"start":{"line":58,"column":21},"end":{"line":58,"column":22}},"18":{"start":{"line":59,"column":10},"end":{"line":59,"column":17}},"19":{"start":{"line":61,"column":8},"end":{"line":63,"column":10}},"20":{"start":{"line":69,"column":4},"end":{"line":140,"column":6}},"21":{"start":{"line":71,"column":20},"end":{"line":71,"column":50}},"22":{"start":{"line":72,"column":6},"end":{"line":78,"column":7}},"23":{"start":{"line":72,"column":19},"end":{"line":72,"column":20}},"24":{"start":{"line":73,"column":8},"end":{"line":77,"column":9}},"25":{"start":{"line":74,"column":10},"end":{"line":76,"column":11}},"26":{"start":{"line":75,"column":12},"end":{"line":75,"column":27}},"27":{"start":{"line":79,"column":6},"end":{"line":81,"column":8}},"28":{"start":{"line":82,"column":6},"end":{"line":82,"column":60}},"29":{"start":{"line":83,"column":6},"end":{"line":83,"column":18}},"30":{"start":{"line":86,"column":24},"end":{"line":86,"column":78}},"31":{"start":{"line":87,"column":6},"end":{"line":93,"column":7}},"32":{"start":{"line":87,"column":19},"end":{"line":87,"column":20}},"33":{"start":{"line":88,"column":8},"end":{"line":92,"column":9}},"34":{"start":{"line":89,"column":10},"end":{"line":91,"column":11}},"35":{"start":{"line":90,"column":12},"end":{"line":90,"column":31}},"36":{"start":{"line":94,"column":6},"end":{"line":96,"column":8}},"37":{"start":{"line":97,"column":6},"end":{"line":97,"column":57}},"38":{"start":{"line":98,"column":6},"end":{"line":98,"column":18}},"39":{"start":{"line":101,"column":20},"end":{"line":101,"column":72}},"40":{"start":{"line":102,"column":6},"end":{"line":108,"column":7}},"41":{"start":{"line":102,"column":19},"end":{"line":102,"column":20}},"42":{"start":{"line":103,"column":8},"end":{"line":107,"column":9}},"43":{"start":{"line":104,"column":10},"end":{"line":106,"column":11}},"44":{"start":{"line":105,"column":12},"end":{"line":105,"column":27}},"45":{"start":{"line":109,"column":6},"end":{"line":111,"column":8}},"46":{"start":{"line":112,"column":6},"end":{"line":112,"column":18}},"47":{"start":{"line":115,"column":22},"end":{"line":115,"column":214}},"48":{"start":{"line":116,"column":6},"end":{"line":122,"column":7}},"49":{"start":{"line":116,"column":19},"end":{"line":116,"column":20}},"50":{"start":{"line":117,"column":8},"end":{"line":121,"column":9}},"51":{"start":{"line":118,"column":10},"end":{"line":120,"column":11}},"52":{"start":{"line":119,"column":12},"end":{"line":119,"column":29}},"53":{"start":{"line":123,"column":6},"end":{"line":125,"column":8}},"54":{"start":{"line":128,"column":20},"end":{"line":128,"column":22}},"55":{"start":{"line":129,"column":6},"end":{"line":129,"column":104}},"56":{"start":{"line":130,"column":6},"end":{"line":130,"column":37}},"57":{"start":{"line":131,"column":6},"end":{"line":133,"column":8}},"58":{"start":{"line":136,"column":6},"end":{"line":136,"column":45}},"59":{"start":{"line":137,"column":6},"end":{"line":139,"column":8}},"60":{"start":{"line":144,"column":4},"end":{"line":144,"column":56}},"61":{"start":{"line":148,"column":4},"end":{"line":148,"column":53}},"62":{"start":{"line":152,"column":4},"end":{"line":152,"column":52}},"63":{"start":{"line":156,"column":4},"end":{"line":156,"column":51}},"64":{"start":{"line":160,"column":18},"end":{"line":160,"column":41}},"65":{"start":{"line":161,"column":19},"end":{"line":161,"column":21}},"66":{"start":{"line":162,"column":4},"end":{"line":168,"column":5}},"67":{"start":{"line":162,"column":17},"end":{"line":162,"column":18}},"68":{"start":{"line":163,"column":6},"end":{"line":167,"column":7}},"69":{"start":{"line":163,"column":19},"end":{"line":163,"column":20}},"70":{"start":{"line":164,"column":8},"end":{"line":166,"column":9}},"71":{"start":{"line":165,"column":10},"end":{"line":165,"column":35}},"72":{"start":{"line":170,"column":4},"end":{"line":172,"column":6}},"73":{"start":{"line":174,"column":4},"end":{"line":174,"column":53}},"74":{"start":{"line":196,"column":4},"end":{"line":222,"column":6}}},"fnMap":{"0":{"name":"(anonymous_0)","decl":{"start":{"line":15,"column":2},"end":{"line":15,"column":3}},"loc":{"start":{"line":15,"column":21},"end":{"line":41,"column":3}},"line":15},"1":{"name":"(anonymous_1)","decl":{"start":{"line":43,"column":2},"end":{"line":43,"column":3}},"loc":{"start":{"line":43,"column":22},"end":{"line":46,"column":3}},"line":43},"2":{"name":"(anonymous_2)","decl":{"start":{"line":48,"column":2},"end":{"line":48,"column":3}},"loc":{"start":{"line":48,"column":17},"end":{"line":65,"column":3}},"line":48},"3":{"name":"(anonymous_3)","decl":{"start":{"line":50,"column":12},"end":{"line":50,"column":13}},"loc":{"start":{"line":50,"column":24},"end":{"line":55,"column":7}},"line":50},"4":{"name":"(anonymous_4)","decl":{"start":{"line":56,"column":12},"end":{"line":56,"column":13}},"loc":{"start":{"line":56,"column":22},"end":{"line":64,"column":7}},"line":56},"5":{"name":"(anonymous_5)","decl":{"start":{"line":68,"column":2},"end":{"line":68,"column":3}},"loc":{"start":{"line":68,"column":17},"end":{"line":141,"column":3}},"line":68},"6":{"name":"(anonymous_6)","decl":{"start":{"line":70,"column":10},"end":{"line":70,"column":11}},"loc":{"start":{"line":70,"column":22},"end":{"line":84,"column":5}},"line":70},"7":{"name":"(anonymous_7)","decl":{"start":{"line":85,"column":10},"end":{"line":85,"column":11}},"loc":{"start":{"line":85,"column":20},"end":{"line":99,"column":5}},"line":85},"8":{"name":"(anonymous_8)","decl":{"start":{"line":100,"column":10},"end":{"line":100,"column":11}},"loc":{"start":{"line":100,"column":20},"end":{"line":113,"column":5}},"line":100},"9":{"name":"(anonymous_9)","decl":{"start":{"line":114,"column":10},"end":{"line":114,"column":11}},"loc":{"start":{"line":114,"column":20},"end":{"line":126,"column":5}},"line":114},"10":{"name":"(anonymous_10)","decl":{"start":{"line":127,"column":10},"end":{"line":127,"column":11}},"loc":{"start":{"line":127,"column":16},"end":{"line":134,"column":5}},"line":127},"11":{"name":"(anonymous_11)","decl":{"start":{"line":135,"column":10},"end":{"line":135,"column":11}},"loc":{"start":{"line":135,"column":16},"end":{"line":140,"column":5}},"line":135},"12":{"name":"(anonymous_12)","decl":{"start":{"line":143,"column":2},"end":{"line":143,"column":3}},"loc":{"start":{"line":143,"column":27},"end":{"line":145,"column":3}},"line":143},"13":{"name":"(anonymous_13)","decl":{"start":{"line":147,"column":2},"end":{"line":147,"column":3}},"loc":{"start":{"line":147,"column":21},"end":{"line":149,"column":3}},"line":147},"14":{"name":"(anonymous_14)","decl":{"start":{"line":151,"column":2},"end":{"line":151,"column":3}},"loc":{"start":{"line":151,"column":24},"end":{"line":153,"column":3}},"line":151},"15":{"name":"(anonymous_15)","decl":{"start":{"line":155,"column":2},"end":{"line":155,"column":3}},"loc":{"start":{"line":155,"column":22},"end":{"line":157,"column":3}},"line":155},"16":{"name":"(anonymous_16)","decl":{"start":{"line":159,"column":2},"end":{"line":159,"column":3}},"loc":{"start":{"line":159,"column":24},"end":{"line":175,"column":3}},"line":159},"17":{"name":"(anonymous_17)","decl":{"start":{"line":177,"column":2},"end":{"line":177,"column":3}},"loc":{"start":{"line":177,"column":24},"end":{"line":193,"column":3}},"line":177},"18":{"name":"(anonymous_18)","decl":{"start":{"line":195,"column":2},"end":{"line":195,"column":3}},"loc":{"start":{"line":195,"column":11},"end":{"line":223,"column":3}},"line":195}},"branchMap":{"0":{"loc":{"start":{"line":74,"column":10},"end":{"line":76,"column":11}},"type":"if","locations":[{"start":{"line":74,"column":10},"end":{"line":76,"column":11}},{"start":{"line":74,"column":10},"end":{"line":76,"column":11}}],"line":74},"1":{"loc":{"start":{"line":89,"column":10},"end":{"line":91,"column":11}},"type":"if","locations":[{"start":{"line":89,"column":10},"end":{"line":91,"column":11}},{"start":{"line":89,"column":10},"end":{"line":91,"column":11}}],"line":89},"2":{"loc":{"start":{"line":104,"column":10},"end":{"line":106,"column":11}},"type":"if","locations":[{"start":{"line":104,"column":10},"end":{"line":106,"column":11}},{"start":{"line":104,"column":10},"end":{"line":106,"column":11}}],"line":104},"3":{"loc":{"start":{"line":118,"column":10},"end":{"line":120,"column":11}},"type":"if","locations":[{"start":{"line":118,"column":10},"end":{"line":120,"column":11}},{"start":{"line":118,"column":10},"end":{"line":120,"column":11}}],"line":118},"4":{"loc":{"start":{"line":164,"column":8},"end":{"line":166,"column":9}},"type":"if","locations":[{"start":{"line":164,"column":8},"end":{"line":166,"column":9}},{"start":{"line":164,"column":8},"end":{"line":166,"column":9}}],"line":164},"5":{"loc":{"start":{"line":198,"column":8},"end":{"line":218,"column":14}},"type":"binary-expr","locations":[{"start":{"line":198,"column":8},"end":{"line":198,"column":25}},{"start":{"line":199,"column":8},"end":{"line":218,"column":14}}],"line":198}},"s":{"0":1,"1":1,"2":1,"3":1,"4":1,"5":1,"6":1,"7":1,"8":1,"9":1,"10":1,"11":1,"12":1,"13":0,"14":0,"15":0,"16":0,"17":0,"18":0,"19":0,"20":1,"21":0,"22":0,"23":0,"24":0,"25":0,"26":0,"27":0,"28":0,"29":0,"30":0,"31":0,"32":0,"33":0,"34":0,"35":0,"36":0,"37":0,"38":0,"39":0,"40":0,"41":0,"42":0,"43":0,"44":0,"45":0,"46":0,"47":0,"48":0,"49":0,"50":0,"51":0,"52":0,"53":0,"54":0,"55":0,"56":0,"57":0,"58":0,"59":0,"60":0,"61":0,"62":0,"63":0,"64":0,"65":0,"66":0,"67":0,"68":0,"69":0,"70":0,"71":0,"72":0,"73":0,"74":1},"f":{"0":1,"1":1,"2":1,"3":0,"4":0,"5":1,"6":0,"7":0,"8":0,"9":0,"10":0,"11":0,"12":0,"13":0,"14":0,"15":0,"16":0,"17":0,"18":1},"b":{"0":[0,0],"1":[0,0],"2":[0,0],"3":[0,0],"4":[0,0],"5":[1,0]},"_coverageSchema":"1a1c01bbd47fc00a2c39e90264f33305004495a9","hash":"105983b1cf089eddabb27d97e375fc347efdeaf6"}
,"/Users/marissa/Desktop/FEC/reviews_service/client/src/Mentions.jsx": {"path":"/Users/marissa/Desktop/FEC/reviews_service/client/src/Mentions.jsx","statementMap":{"0":{"start":{"line":7,"column":4},"end":{"line":7,"column":17}},"1":{"start":{"line":9,"column":4},"end":{"line":12,"column":5}},"2":{"start":{"line":14,"column":4},"end":{"line":14,"column":57}},"3":{"start":{"line":20,"column":4},"end":{"line":36,"column":5}},"4":{"start":{"line":21,"column":23},"end":{"line":21,"column":46}},"5":{"start":{"line":22,"column":6},"end":{"line":22,"column":27}},"6":{"start":{"line":23,"column":6},"end":{"line":25,"column":8}},"7":{"start":{"line":26,"column":6},"end":{"line":26,"column":40}},"8":{"start":{"line":29,"column":18},"end":{"line":29,"column":50}},"9":{"start":{"line":30,"column":23},"end":{"line":30,"column":46}},"10":{"start":{"line":31,"column":6},"end":{"line":31,"column":33}},"11":{"start":{"line":32,"column":6},"end":{"line":34,"column":8}},"12":{"start":{"line":35,"column":6},"end":{"line":35,"column":40}},"13":{"start":{"line":42,"column":4},"end":{"line":57,"column":6}},"14":{"start":{"line":53,"column":10},"end":{"line":53,"column":89}}},"fnMap":{"0":{"name":"(anonymous_0)","decl":{"start":{"line":6,"column":2},"end":{"line":6,"column":3}},"loc":{"start":{"line":6,"column":21},"end":{"line":15,"column":3}},"line":6},"1":{"name":"(anonymous_1)","decl":{"start":{"line":18,"column":2},"end":{"line":18,"column":3}},"loc":{"start":{"line":18,"column":23},"end":{"line":39,"column":3}},"line":18},"2":{"name":"(anonymous_2)","decl":{"start":{"line":41,"column":2},"end":{"line":41,"column":3}},"loc":{"start":{"line":41,"column":11},"end":{"line":58,"column":3}},"line":41},"3":{"name":"(anonymous_3)","decl":{"start":{"line":52,"column":34},"end":{"line":52,"column":35}},"loc":{"start":{"line":53,"column":10},"end":{"line":53,"column":89}},"line":53}},"branchMap":{"0":{"loc":{"start":{"line":20,"column":4},"end":{"line":36,"column":5}},"type":"if","locations":[{"start":{"line":20,"column":4},"end":{"line":36,"column":5}},{"start":{"line":20,"column":4},"end":{"line":36,"column":5}}],"line":20},"1":{"loc":{"start":{"line":46,"column":9},"end":{"line":47,"column":63}},"type":"binary-expr","locations":[{"start":{"line":46,"column":10},"end":{"line":46,"column":41}},{"start":{"line":47,"column":8},"end":{"line":47,"column":63}}],"line":46},"2":{"loc":{"start":{"line":49,"column":9},"end":{"line":50,"column":62}},"type":"binary-expr","locations":[{"start":{"line":49,"column":10},"end":{"line":49,"column":41}},{"start":{"line":50,"column":8},"end":{"line":50,"column":62}}],"line":49}},"s":{"0":2,"1":2,"2":2,"3":0,"4":0,"5":0,"6":0,"7":0,"8":0,"9":0,"10":0,"11":0,"12":0,"13":2,"14":0},"f":{"0":2,"1":0,"2":2,"3":0},"b":{"0":[0,0],"1":[2,2],"2":[2,0]},"_coverageSchema":"1a1c01bbd47fc00a2c39e90264f33305004495a9","hash":"3eae3797bebada4a4cd31f8a7595aaa2a623caf6"}
,"/Users/marissa/Desktop/FEC/reviews_service/client/src/PageIndex.jsx": {"path":"/Users/marissa/Desktop/FEC/reviews_service/client/src/PageIndex.jsx","statementMap":{"0":{"start":{"line":6,"column":4},"end":{"line":6,"column":17}},"1":{"start":{"line":10,"column":4},"end":{"line":16,"column":6}}},"fnMap":{"0":{"name":"(anonymous_0)","decl":{"start":{"line":5,"column":2},"end":{"line":5,"column":3}},"loc":{"start":{"line":5,"column":21},"end":{"line":7,"column":3}},"line":5},"1":{"name":"(anonymous_1)","decl":{"start":{"line":9,"column":2},"end":{"line":9,"column":3}},"loc":{"start":{"line":9,"column":11},"end":{"line":17,"column":3}},"line":9}},"branchMap":{},"s":{"0":1,"1":1},"f":{"0":1,"1":1},"b":{},"_coverageSchema":"1a1c01bbd47fc00a2c39e90264f33305004495a9","hash":"2af994e1685a96be13226fc87815420bb333718a"}
,"/Users/marissa/Desktop/FEC/reviews_service/client/src/Search.jsx": {"path":"/Users/marissa/Desktop/FEC/reviews_service/client/src/Search.jsx","statementMap":{"0":{"start":{"line":6,"column":4},"end":{"line":6,"column":17}},"1":{"start":{"line":8,"column":4},"end":{"line":8,"column":53}},"2":{"start":{"line":12,"column":4},"end":{"line":12,"column":27}},"3":{"start":{"line":13,"column":4},"end":{"line":13,"column":47}},"4":{"start":{"line":14,"column":4},"end":{"line":14,"column":52}},"5":{"start":{"line":19,"column":4},"end":{"line":24,"column":6}}},"fnMap":{"0":{"name":"(anonymous_0)","decl":{"start":{"line":5,"column":2},"end":{"line":5,"column":3}},"loc":{"start":{"line":5,"column":21},"end":{"line":9,"column":3}},"line":5},"1":{"name":"(anonymous_1)","decl":{"start":{"line":11,"column":2},"end":{"line":11,"column":3}},"loc":{"start":{"line":11,"column":22},"end":{"line":15,"column":3}},"line":11},"2":{"name":"(anonymous_2)","decl":{"start":{"line":18,"column":2},"end":{"line":18,"column":3}},"loc":{"start":{"line":18,"column":11},"end":{"line":25,"column":3}},"line":18}},"branchMap":{},"s":{"0":1,"1":1,"2":0,"3":0,"4":0,"5":1},"f":{"0":1,"1":0,"2":1},"b":{},"_coverageSchema":"1a1c01bbd47fc00a2c39e90264f33305004495a9","hash":"37e5fd18845127499f4c133a31e2274df7996a14"}
,"/Users/marissa/Desktop/FEC/reviews_service/client/src/Tab.jsx": {"path":"/Users/marissa/Desktop/FEC/reviews_service/client/src/Tab.jsx","statementMap":{"0":{"start":{"line":6,"column":4},"end":{"line":6,"column":17}},"1":{"start":{"line":12,"column":4},"end":{"line":18,"column":6}}},"fnMap":{"0":{"name":"(anonymous_0)","decl":{"start":{"line":5,"column":2},"end":{"line":5,"column":3}},"loc":{"start":{"line":5,"column":21},"end":{"line":7,"column":3}},"line":5},"1":{"name":"(anonymous_1)","decl":{"start":{"line":11,"column":2},"end":{"line":11,"column":3}},"loc":{"start":{"line":11,"column":11},"end":{"line":19,"column":3}},"line":11}},"branchMap":{},"s":{"0":0,"1":0},"f":{"0":0,"1":0},"b":{},"_coverageSchema":"1a1c01bbd47fc00a2c39e90264f33305004495a9","hash":"e469e2ba7f8e3b38d93aa594ebbdbdba1d3a8c55"}
,"/Users/marissa/Desktop/FEC/reviews_service/client/src/Word.jsx": {"path":"/Users/marissa/Desktop/FEC/reviews_service/client/src/Word.jsx","statementMap":{"0":{"start":{"line":6,"column":4},"end":{"line":6,"column":17}},"1":{"start":{"line":8,"column":4},"end":{"line":10,"column":5}},"2":{"start":{"line":11,"column":4},"end":{"line":11,"column":50}},"3":{"start":{"line":15,"column":4},"end":{"line":15,"column":27}},"4":{"start":{"line":16,"column":4},"end":{"line":18,"column":7}},"5":{"start":{"line":16,"column":28},"end":{"line":18,"column":5}},"6":{"start":{"line":20,"column":4},"end":{"line":20,"column":46}},"7":{"start":{"line":25,"column":4},"end":{"line":37,"column":6}}},"fnMap":{"0":{"name":"(anonymous_0)","decl":{"start":{"line":5,"column":2},"end":{"line":5,"column":3}},"loc":{"start":{"line":5,"column":21},"end":{"line":12,"column":3}},"line":5},"1":{"name":"(anonymous_1)","decl":{"start":{"line":14,"column":2},"end":{"line":14,"column":3}},"loc":{"start":{"line":14,"column":21},"end":{"line":22,"column":3}},"line":14},"2":{"name":"(anonymous_2)","decl":{"start":{"line":16,"column":18},"end":{"line":16,"column":19}},"loc":{"start":{"line":16,"column":28},"end":{"line":18,"column":5}},"line":16},"3":{"name":"(anonymous_3)","decl":{"start":{"line":24,"column":2},"end":{"line":24,"column":3}},"loc":{"start":{"line":24,"column":11},"end":{"line":38,"column":3}},"line":24}},"branchMap":{"0":{"loc":{"start":{"line":28,"column":10},"end":{"line":29,"column":99}},"type":"binary-expr","locations":[{"start":{"line":28,"column":10},"end":{"line":28,"column":32}},{"start":{"line":29,"column":10},"end":{"line":29,"column":99}}],"line":28},"1":{"loc":{"start":{"line":32,"column":10},"end":{"line":33,"column":100}},"type":"binary-expr","locations":[{"start":{"line":32,"column":10},"end":{"line":32,"column":31}},{"start":{"line":33,"column":10},"end":{"line":33,"column":100}}],"line":32}},"s":{"0":0,"1":0,"2":0,"3":0,"4":0,"5":0,"6":0,"7":0},"f":{"0":0,"1":0,"2":0,"3":0},"b":{"0":[0,0],"1":[0,0]},"_coverageSchema":"1a1c01bbd47fc00a2c39e90264f33305004495a9","hash":"c09dbda40a1aff5916566b7d84e74d2534484d01"}
,"/Users/marissa/Desktop/FEC/reviews_service/client/src/WriteReview.jsx": {"path":"/Users/marissa/Desktop/FEC/reviews_service/client/src/WriteReview.jsx","statementMap":{"0":{"start":{"line":6,"column":4},"end":{"line":6,"column":17}},"1":{"start":{"line":8,"column":4},"end":{"line":10,"column":5}},"2":{"start":{"line":12,"column":4},"end":{"line":12,"column":50}},"3":{"start":{"line":16,"column":4},"end":{"line":16,"column":27}},"4":{"start":{"line":17,"column":4},"end":{"line":19,"column":8}},"5":{"start":{"line":17,"column":28},"end":{"line":19,"column":5}},"6":{"start":{"line":24,"column":4},"end":{"line":47,"column":5}}},"fnMap":{"0":{"name":"(anonymous_0)","decl":{"start":{"line":5,"column":2},"end":{"line":5,"column":3}},"loc":{"start":{"line":5,"column":21},"end":{"line":13,"column":3}},"line":5},"1":{"name":"(anonymous_1)","decl":{"start":{"line":15,"column":2},"end":{"line":15,"column":3}},"loc":{"start":{"line":15,"column":21},"end":{"line":21,"column":3}},"line":15},"2":{"name":"(anonymous_2)","decl":{"start":{"line":17,"column":18},"end":{"line":17,"column":19}},"loc":{"start":{"line":17,"column":28},"end":{"line":19,"column":5}},"line":17},"3":{"name":"(anonymous_3)","decl":{"start":{"line":23,"column":2},"end":{"line":23,"column":3}},"loc":{"start":{"line":23,"column":11},"end":{"line":48,"column":3}},"line":23}},"branchMap":{"0":{"loc":{"start":{"line":30,"column":13},"end":{"line":31,"column":115}},"type":"binary-expr","locations":[{"start":{"line":30,"column":13},"end":{"line":30,"column":35}},{"start":{"line":31,"column":14},"end":{"line":31,"column":115}}],"line":30},"1":{"loc":{"start":{"line":34,"column":14},"end":{"line":42,"column":20}},"type":"binary-expr","locations":[{"start":{"line":34,"column":14},"end":{"line":34,"column":35}},{"start":{"line":35,"column":14},"end":{"line":42,"column":20}}],"line":34}},"s":{"0":0,"1":0,"2":0,"3":0,"4":0,"5":0,"6":0},"f":{"0":0,"1":0,"2":0,"3":0},"b":{"0":[0,0],"1":[0,0]},"_coverageSchema":"1a1c01bbd47fc00a2c39e90264f33305004495a9","hash":"95c56a3e52eb77e8c8cac22e96f3ba1d220d7e6f"}
,"/Users/marissa/Desktop/FEC/reviews_service/client/src/Feed/Feed.jsx": {"path":"/Users/marissa/Desktop/FEC/reviews_service/client/src/Feed/Feed.jsx","statementMap":{"0":{"start":{"line":8,"column":4},"end":{"line":8,"column":17}},"1":{"start":{"line":10,"column":4},"end":{"line":13,"column":5}},"2":{"start":{"line":14,"column":4},"end":{"line":14,"column":66}},"3":{"start":{"line":19,"column":4},"end":{"line":19,"column":30}},"4":{"start":{"line":23,"column":22},"end":{"line":23,"column":45}},"5":{"start":{"line":24,"column":20},"end":{"line":24,"column":43}},"6":{"start":{"line":25,"column":4},"end":{"line":27,"column":6}},"7":{"start":{"line":31,"column":4},"end":{"line":37,"column":6}},"8":{"start":{"line":34,"column":10},"end":{"line":34,"column":84}}},"fnMap":{"0":{"name":"(anonymous_0)","decl":{"start":{"line":7,"column":2},"end":{"line":7,"column":3}},"loc":{"start":{"line":7,"column":21},"end":{"line":16,"column":3}},"line":7},"1":{"name":"(anonymous_1)","decl":{"start":{"line":18,"column":2},"end":{"line":18,"column":3}},"loc":{"start":{"line":18,"column":22},"end":{"line":20,"column":3}},"line":18},"2":{"name":"(anonymous_2)","decl":{"start":{"line":22,"column":2},"end":{"line":22,"column":3}},"loc":{"start":{"line":22,"column":24},"end":{"line":28,"column":3}},"line":22},"3":{"name":"(anonymous_3)","decl":{"start":{"line":30,"column":2},"end":{"line":30,"column":3}},"loc":{"start":{"line":30,"column":11},"end":{"line":38,"column":3}},"line":30},"4":{"name":"(anonymous_4)","decl":{"start":{"line":33,"column":42},"end":{"line":33,"column":43}},"loc":{"start":{"line":34,"column":10},"end":{"line":34,"column":84}},"line":34}},"branchMap":{},"s":{"0":1,"1":1,"2":1,"3":1,"4":1,"5":0,"6":0,"7":1,"8":0},"f":{"0":1,"1":1,"2":1,"3":1,"4":0},"b":{},"_coverageSchema":"1a1c01bbd47fc00a2c39e90264f33305004495a9","hash":"7131b572ff54bb28e5706b9cdc0f754cf0b6bb6e"}
,"/Users/marissa/Desktop/FEC/reviews_service/client/src/Feed/Info.jsx": {"path":"/Users/marissa/Desktop/FEC/reviews_service/client/src/Feed/Info.jsx","statementMap":{"0":{"start":{"line":6,"column":4},"end":{"line":6,"column":17}},"1":{"start":{"line":8,"column":4},"end":{"line":10,"column":5}},"2":{"start":{"line":15,"column":4},"end":{"line":110,"column":6}}},"fnMap":{"0":{"name":"(anonymous_0)","decl":{"start":{"line":5,"column":2},"end":{"line":5,"column":3}},"loc":{"start":{"line":5,"column":21},"end":{"line":11,"column":3}},"line":5},"1":{"name":"(anonymous_1)","decl":{"start":{"line":14,"column":2},"end":{"line":14,"column":3}},"loc":{"start":{"line":14,"column":11},"end":{"line":111,"column":3}},"line":14}},"branchMap":{"0":{"loc":{"start":{"line":19,"column":12},"end":{"line":26,"column":18}},"type":"binary-expr","locations":[{"start":{"line":19,"column":13},"end":{"line":19,"column":41}},{"start":{"line":20,"column":12},"end":{"line":26,"column":18}}],"line":19},"1":{"loc":{"start":{"line":30,"column":12},"end":{"line":37,"column":18}},"type":"binary-expr","locations":[{"start":{"line":30,"column":13},"end":{"line":30,"column":41}},{"start":{"line":31,"column":12},"end":{"line":37,"column":18}}],"line":30},"2":{"loc":{"start":{"line":41,"column":12},"end":{"line":48,"column":18}},"type":"binary-expr","locations":[{"start":{"line":41,"column":13},"end":{"line":41,"column":41}},{"start":{"line":42,"column":12},"end":{"line":48,"column":18}}],"line":41},"3":{"loc":{"start":{"line":52,"column":12},"end":{"line":59,"column":18}},"type":"binary-expr","locations":[{"start":{"line":52,"column":13},"end":{"line":52,"column":41}},{"start":{"line":53,"column":12},"end":{"line":59,"column":18}}],"line":52},"4":{"loc":{"start":{"line":63,"column":12},"end":{"line":70,"column":18}},"type":"binary-expr","locations":[{"start":{"line":63,"column":13},"end":{"line":63,"column":41}},{"start":{"line":64,"column":12},"end":{"line":70,"column":18}}],"line":63},"5":{"loc":{"start":{"line":74,"column":12},"end":{"line":81,"column":18}},"type":"binary-expr","locations":[{"start":{"line":74,"column":13},"end":{"line":74,"column":41}},{"start":{"line":75,"column":12},"end":{"line":81,"column":18}}],"line":74}},"s":{"0":0,"1":0,"2":0},"f":{"0":0,"1":0},"b":{"0":[0,0],"1":[0,0],"2":[0,0],"3":[0,0],"4":[0,0],"5":[0,0]},"_coverageSchema":"1a1c01bbd47fc00a2c39e90264f33305004495a9","hash":"892ef6a5110adbdc5419319511381fc0566c4bb8"}
,"/Users/marissa/Desktop/FEC/reviews_service/client/src/Feed/Photos.jsx": {"path":"/Users/marissa/Desktop/FEC/reviews_service/client/src/Feed/Photos.jsx","statementMap":{"0":{"start":{"line":6,"column":4},"end":{"line":6,"column":17}},"1":{"start":{"line":10,"column":4},"end":{"line":10,"column":43}},"2":{"start":{"line":14,"column":4},"end":{"line":20,"column":6}}},"fnMap":{"0":{"name":"(anonymous_0)","decl":{"start":{"line":5,"column":2},"end":{"line":5,"column":3}},"loc":{"start":{"line":5,"column":21},"end":{"line":7,"column":3}},"line":5},"1":{"name":"(anonymous_1)","decl":{"start":{"line":9,"column":2},"end":{"line":9,"column":3}},"loc":{"start":{"line":9,"column":22},"end":{"line":11,"column":3}},"line":9},"2":{"name":"(anonymous_2)","decl":{"start":{"line":13,"column":2},"end":{"line":13,"column":3}},"loc":{"start":{"line":13,"column":11},"end":{"line":21,"column":3}},"line":13}},"branchMap":{},"s":{"0":0,"1":0,"2":0},"f":{"0":0,"1":0,"2":0},"b":{},"_coverageSchema":"1a1c01bbd47fc00a2c39e90264f33305004495a9","hash":"3e8087e04d086d7b7b61f1844fc4382682fc0c92"}
,"/Users/marissa/Desktop/FEC/reviews_service/client/src/Feed/Review.jsx": {"path":"/Users/marissa/Desktop/FEC/reviews_service/client/src/Feed/Review.jsx","statementMap":{"0":{"start":{"line":10,"column":4},"end":{"line":10,"column":17}},"1":{"start":{"line":12,"column":4},"end":{"line":17,"column":5}},"2":{"start":{"line":19,"column":4},"end":{"line":19,"column":60}},"3":{"start":{"line":23,"column":4},"end":{"line":23,"column":54}},"4":{"start":{"line":24,"column":4},"end":{"line":24,"column":28}},"5":{"start":{"line":30,"column":13},"end":{"line":30,"column":30}},"6":{"start":{"line":31,"column":4},"end":{"line":43,"column":8}},"7":{"start":{"line":33,"column":8},"end":{"line":33,"column":25}},"8":{"start":{"line":34,"column":8},"end":{"line":36,"column":10}},"9":{"start":{"line":39,"column":8},"end":{"line":41,"column":10}},"10":{"start":{"line":47,"column":4},"end":{"line":58,"column":6}}},"fnMap":{"0":{"name":"(anonymous_0)","decl":{"start":{"line":9,"column":2},"end":{"line":9,"column":3}},"loc":{"start":{"line":9,"column":21},"end":{"line":20,"column":3}},"line":9},"1":{"name":"(anonymous_1)","decl":{"start":{"line":22,"column":2},"end":{"line":22,"column":3}},"loc":{"start":{"line":22,"column":22},"end":{"line":26,"column":3}},"line":22},"2":{"name":"(anonymous_2)","decl":{"start":{"line":29,"column":2},"end":{"line":29,"column":3}},"loc":{"start":{"line":29,"column":22},"end":{"line":44,"column":3}},"line":29},"3":{"name":"(anonymous_3)","decl":{"start":{"line":32,"column":12},"end":{"line":32,"column":13}},"loc":{"start":{"line":32,"column":24},"end":{"line":37,"column":7}},"line":32},"4":{"name":"(anonymous_4)","decl":{"start":{"line":38,"column":12},"end":{"line":38,"column":13}},"loc":{"start":{"line":38,"column":18},"end":{"line":43,"column":7}},"line":38},"5":{"name":"(anonymous_5)","decl":{"start":{"line":46,"column":2},"end":{"line":46,"column":3}},"loc":{"start":{"line":46,"column":11},"end":{"line":59,"column":3}},"line":46}},"branchMap":{"0":{"loc":{"start":{"line":50,"column":10},"end":{"line":55,"column":16}},"type":"binary-expr","locations":[{"start":{"line":50,"column":10},"end":{"line":50,"column":27}},{"start":{"line":51,"column":10},"end":{"line":55,"column":16}}],"line":50}},"s":{"0":0,"1":0,"2":0,"3":0,"4":0,"5":0,"6":0,"7":0,"8":0,"9":0,"10":0},"f":{"0":0,"1":0,"2":0,"3":0,"4":0,"5":0},"b":{"0":[0,0]},"_coverageSchema":"1a1c01bbd47fc00a2c39e90264f33305004495a9","hash":"ba0edf70da6bf05eff5860e0b1b9d77c4762cab1"}
,"/Users/marissa/Desktop/FEC/reviews_service/client/src/Feed/Userbar.jsx": {"path":"/Users/marissa/Desktop/FEC/reviews_service/client/src/Feed/Userbar.jsx","statementMap":{"0":{"start":{"line":6,"column":4},"end":{"line":6,"column":17}},"1":{"start":{"line":8,"column":4},"end":{"line":10,"column":5}},"2":{"start":{"line":16,"column":4},"end":{"line":16,"column":46}},"3":{"start":{"line":20,"column":4},"end":{"line":37,"column":6}}},"fnMap":{"0":{"name":"(anonymous_0)","decl":{"start":{"line":5,"column":2},"end":{"line":5,"column":3}},"loc":{"start":{"line":5,"column":21},"end":{"line":13,"column":3}},"line":5},"1":{"name":"(anonymous_1)","decl":{"start":{"line":15,"column":2},"end":{"line":15,"column":3}},"loc":{"start":{"line":15,"column":22},"end":{"line":17,"column":3}},"line":15},"2":{"name":"(anonymous_2)","decl":{"start":{"line":19,"column":2},"end":{"line":19,"column":3}},"loc":{"start":{"line":19,"column":11},"end":{"line":38,"column":3}},"line":19}},"branchMap":{},"s":{"0":0,"1":0,"2":0,"3":0},"f":{"0":0,"1":0,"2":0},"b":{},"_coverageSchema":"1a1c01bbd47fc00a2c39e90264f33305004495a9","hash":"0e4a7f1b13eca929f868bae70181517a6b257de3"}
,"/Users/marissa/Desktop/FEC/reviews_service/client/src/Filters/Filters.jsx": {"path":"/Users/marissa/Desktop/FEC/reviews_service/client/src/Filters/Filters.jsx","statementMap":{"0":{"start":{"line":10,"column":4},"end":{"line":10,"column":17}},"1":{"start":{"line":12,"column":4},"end":{"line":21,"column":5}},"2":{"start":{"line":22,"column":4},"end":{"line":22,"column":57}},"3":{"start":{"line":23,"column":4},"end":{"line":23,"column":53}},"4":{"start":{"line":27,"column":4},"end":{"line":27,"column":25}},"5":{"start":{"line":31,"column":19},"end":{"line":31,"column":36}},"6":{"start":{"line":32,"column":22},"end":{"line":32,"column":43}},"7":{"start":{"line":33,"column":4},"end":{"line":35,"column":5}},"8":{"start":{"line":34,"column":6},"end":{"line":34,"column":24}},"9":{"start":{"line":37,"column":4},"end":{"line":39,"column":6}},"10":{"start":{"line":44,"column":4},"end":{"line":47,"column":5}},"11":{"start":{"line":45,"column":19},"end":{"line":45,"column":47}},"12":{"start":{"line":46,"column":16},"end":{"line":46,"column":30}},"13":{"start":{"line":48,"column":4},"end":{"line":51,"column":5}},"14":{"start":{"line":49,"column":19},"end":{"line":49,"column":47}},"15":{"start":{"line":50,"column":16},"end":{"line":50,"column":30}},"16":{"start":{"line":52,"column":4},"end":{"line":55,"column":5}},"17":{"start":{"line":53,"column":19},"end":{"line":53,"column":47}},"18":{"start":{"line":54,"column":16},"end":{"line":54,"column":30}},"19":{"start":{"line":56,"column":4},"end":{"line":59,"column":5}},"20":{"start":{"line":57,"column":19},"end":{"line":57,"column":49}},"21":{"start":{"line":58,"column":16},"end":{"line":58,"column":32}},"22":{"start":{"line":61,"column":4},"end":{"line":66,"column":5}},"23":{"start":{"line":62,"column":6},"end":{"line":62,"column":33}},"24":{"start":{"line":64,"column":18},"end":{"line":64,"column":47}},"25":{"start":{"line":65,"column":6},"end":{"line":65,"column":29}},"26":{"start":{"line":68,"column":14},"end":{"line":68,"column":16}},"27":{"start":{"line":69,"column":4},"end":{"line":69,"column":21}},"28":{"start":{"line":70,"column":4},"end":{"line":70,"column":23}},"29":{"start":{"line":74,"column":4},"end":{"line":108,"column":6}},"30":{"start":{"line":85,"column":16},"end":{"line":85,"column":112}},"31":{"start":{"line":94,"column":14},"end":{"line":94,"column":106}},"32":{"start":{"line":103,"column":14},"end":{"line":103,"column":114}}},"fnMap":{"0":{"name":"(anonymous_0)","decl":{"start":{"line":9,"column":2},"end":{"line":9,"column":3}},"loc":{"start":{"line":9,"column":21},"end":{"line":24,"column":3}},"line":9},"1":{"name":"(anonymous_1)","decl":{"start":{"line":26,"column":2},"end":{"line":26,"column":3}},"loc":{"start":{"line":26,"column":23},"end":{"line":28,"column":3}},"line":26},"2":{"name":"(anonymous_2)","decl":{"start":{"line":30,"column":2},"end":{"line":30,"column":3}},"loc":{"start":{"line":30,"column":20},"end":{"line":40,"column":3}},"line":30},"3":{"name":"(anonymous_3)","decl":{"start":{"line":42,"column":2},"end":{"line":42,"column":3}},"loc":{"start":{"line":42,"column":50},"end":{"line":71,"column":3}},"line":42},"4":{"name":"(anonymous_4)","decl":{"start":{"line":73,"column":2},"end":{"line":73,"column":3}},"loc":{"start":{"line":73,"column":11},"end":{"line":109,"column":3}},"line":73},"5":{"name":"(anonymous_5)","decl":{"start":{"line":84,"column":37},"end":{"line":84,"column":38}},"loc":{"start":{"line":85,"column":16},"end":{"line":85,"column":112}},"line":85},"6":{"name":"(anonymous_6)","decl":{"start":{"line":93,"column":36},"end":{"line":93,"column":37}},"loc":{"start":{"line":94,"column":14},"end":{"line":94,"column":106}},"line":94},"7":{"name":"(anonymous_7)","decl":{"start":{"line":102,"column":38},"end":{"line":102,"column":39}},"loc":{"start":{"line":103,"column":14},"end":{"line":103,"column":114}},"line":103}},"branchMap":{"0":{"loc":{"start":{"line":44,"column":4},"end":{"line":47,"column":5}},"type":"if","locations":[{"start":{"line":44,"column":4},"end":{"line":47,"column":5}},{"start":{"line":44,"column":4},"end":{"line":47,"column":5}}],"line":44},"1":{"loc":{"start":{"line":48,"column":4},"end":{"line":51,"column":5}},"type":"if","locations":[{"start":{"line":48,"column":4},"end":{"line":51,"column":5}},{"start":{"line":48,"column":4},"end":{"line":51,"column":5}}],"line":48},"2":{"loc":{"start":{"line":52,"column":4},"end":{"line":55,"column":5}},"type":"if","locations":[{"start":{"line":52,"column":4},"end":{"line":55,"column":5}},{"start":{"line":52,"column":4},"end":{"line":55,"column":5}}],"line":52},"3":{"loc":{"start":{"line":56,"column":4},"end":{"line":59,"column":5}},"type":"if","locations":[{"start":{"line":56,"column":4},"end":{"line":59,"column":5}},{"start":{"line":56,"column":4},"end":{"line":59,"column":5}}],"line":56},"4":{"loc":{"start":{"line":61,"column":4},"end":{"line":66,"column":5}},"type":"if","locations":[{"start":{"line":61,"column":4},"end":{"line":66,"column":5}},{"start":{"line":61,"column":4},"end":{"line":66,"column":5}}],"line":61}},"s":{"0":4,"1":4,"2":4,"3":4,"4":4,"5":4,"6":4,"7":0,"8":0,"9":0,"10":0,"11":0,"12":0,"13":0,"14":0,"15":0,"16":0,"17":0,"18":0,"19":0,"20":0,"21":0,"22":0,"23":0,"24":0,"25":0,"26":0,"27":0,"28":0,"29":4,"30":20,"31":16,"32":0},"f":{"0":4,"1":4,"2":4,"3":0,"4":4,"5":20,"6":16,"7":0},"b":{"0":[0,0],"1":[0,0],"2":[0,0],"3":[0,0],"4":[0,0]},"_coverageSchema":"1a1c01bbd47fc00a2c39e90264f33305004495a9","hash":"d95cfc525435387392496d8350322b65ea5bf9c3"}
,"/Users/marissa/Desktop/FEC/reviews_service/client/src/Filters/Language.jsx": {"path":"/Users/marissa/Desktop/FEC/reviews_service/client/src/Filters/Language.jsx","statementMap":{"0":{"start":{"line":6,"column":4},"end":{"line":6,"column":17}},"1":{"start":{"line":8,"column":4},"end":{"line":10,"column":5}},"2":{"start":{"line":12,"column":4},"end":{"line":12,"column":51}},"3":{"start":{"line":13,"column":4},"end":{"line":13,"column":57}},"4":{"start":{"line":17,"column":4},"end":{"line":17,"column":25}},"5":{"start":{"line":21,"column":4},"end":{"line":23,"column":5}},"6":{"start":{"line":22,"column":6},"end":{"line":22,"column":25}},"7":{"start":{"line":28,"column":4},"end":{"line":30,"column":5}},"8":{"start":{"line":29,"column":6},"end":{"line":29,"column":29}},"9":{"start":{"line":34,"column":20},"end":{"line":41,"column":5}},"10":{"start":{"line":35,"column":8},"end":{"line":40,"column":9}},"11":{"start":{"line":36,"column":10},"end":{"line":38,"column":13}},"12":{"start":{"line":36,"column":34},"end":{"line":38,"column":11}},"13":{"start":{"line":39,"column":10},"end":{"line":39,"column":40}},"14":{"start":{"line":43,"column":4},"end":{"line":49,"column":8}},"15":{"start":{"line":45,"column":8},"end":{"line":45,"column":85}},"16":{"start":{"line":48,"column":8},"end":{"line":48,"column":24}},"17":{"start":{"line":55,"column":4},"end":{"line":67,"column":6}}},"fnMap":{"0":{"name":"(anonymous_0)","decl":{"start":{"line":5,"column":2},"end":{"line":5,"column":3}},"loc":{"start":{"line":5,"column":21},"end":{"line":14,"column":3}},"line":5},"1":{"name":"(anonymous_1)","decl":{"start":{"line":16,"column":2},"end":{"line":16,"column":3}},"loc":{"start":{"line":16,"column":22},"end":{"line":18,"column":3}},"line":16},"2":{"name":"(anonymous_2)","decl":{"start":{"line":20,"column":2},"end":{"line":20,"column":3}},"loc":{"start":{"line":20,"column":19},"end":{"line":24,"column":3}},"line":20},"3":{"name":"(anonymous_3)","decl":{"start":{"line":26,"column":2},"end":{"line":26,"column":3}},"loc":{"start":{"line":26,"column":21},"end":{"line":52,"column":3}},"line":26},"4":{"name":"(anonymous_4)","decl":{"start":{"line":34,"column":20},"end":{"line":34,"column":21}},"loc":{"start":{"line":34,"column":26},"end":{"line":41,"column":5}},"line":34},"5":{"name":"(anonymous_5)","decl":{"start":{"line":35,"column":28},"end":{"line":35,"column":29}},"loc":{"start":{"line":35,"column":49},"end":{"line":40,"column":8}},"line":35},"6":{"name":"(anonymous_6)","decl":{"start":{"line":36,"column":24},"end":{"line":36,"column":25}},"loc":{"start":{"line":36,"column":34},"end":{"line":38,"column":11}},"line":36},"7":{"name":"(anonymous_7)","decl":{"start":{"line":44,"column":13},"end":{"line":44,"column":14}},"loc":{"start":{"line":44,"column":25},"end":{"line":46,"column":7}},"line":44},"8":{"name":"(anonymous_8)","decl":{"start":{"line":47,"column":14},"end":{"line":47,"column":15}},"loc":{"start":{"line":47,"column":23},"end":{"line":49,"column":7}},"line":47},"9":{"name":"(anonymous_9)","decl":{"start":{"line":54,"column":2},"end":{"line":54,"column":3}},"loc":{"start":{"line":54,"column":11},"end":{"line":68,"column":3}},"line":54}},"branchMap":{"0":{"loc":{"start":{"line":21,"column":4},"end":{"line":23,"column":5}},"type":"if","locations":[{"start":{"line":21,"column":4},"end":{"line":23,"column":5}},{"start":{"line":21,"column":4},"end":{"line":23,"column":5}}],"line":21},"1":{"loc":{"start":{"line":28,"column":4},"end":{"line":30,"column":5}},"type":"if","locations":[{"start":{"line":28,"column":4},"end":{"line":30,"column":5}},{"start":{"line":28,"column":4},"end":{"line":30,"column":5}}],"line":28},"2":{"loc":{"start":{"line":58,"column":8},"end":{"line":59,"column":135}},"type":"binary-expr","locations":[{"start":{"line":58,"column":8},"end":{"line":58,"column":30}},{"start":{"line":59,"column":8},"end":{"line":59,"column":135}}],"line":58},"3":{"loc":{"start":{"line":62,"column":8},"end":{"line":63,"column":139}},"type":"binary-expr","locations":[{"start":{"line":62,"column":8},"end":{"line":62,"column":29}},{"start":{"line":63,"column":8},"end":{"line":63,"column":139}}],"line":62}},"s":{"0":0,"1":0,"2":0,"3":0,"4":0,"5":0,"6":0,"7":0,"8":0,"9":0,"10":0,"11":0,"12":0,"13":0,"14":0,"15":0,"16":0,"17":0},"f":{"0":0,"1":0,"2":0,"3":0,"4":0,"5":0,"6":0,"7":0,"8":0,"9":0},"b":{"0":[0,0],"1":[0,0],"2":[0,0],"3":[0,0]},"_coverageSchema":"1a1c01bbd47fc00a2c39e90264f33305004495a9","hash":"9c476c08033c0a4af32487449a71c5dbfddb1bdb"}
,"/Users/marissa/Desktop/FEC/reviews_service/client/src/Filters/Rating.jsx": {"path":"/Users/marissa/Desktop/FEC/reviews_service/client/src/Filters/Rating.jsx","statementMap":{"0":{"start":{"line":7,"column":4},"end":{"line":7,"column":17}},"1":{"start":{"line":9,"column":4},"end":{"line":15,"column":5}},"2":{"start":{"line":17,"column":4},"end":{"line":17,"column":53}},"3":{"start":{"line":22,"column":4},"end":{"line":22,"column":57}},"4":{"start":{"line":23,"column":4},"end":{"line":23,"column":24}},"5":{"start":{"line":30,"column":18},"end":{"line":30,"column":39}},"6":{"start":{"line":31,"column":22},"end":{"line":31,"column":24}},"7":{"start":{"line":32,"column":4},"end":{"line":36,"column":5}},"8":{"start":{"line":33,"column":21},"end":{"line":33,"column":33}},"9":{"start":{"line":34,"column":16},"end":{"line":34,"column":38}},"10":{"start":{"line":35,"column":6},"end":{"line":35,"column":27}},"11":{"start":{"line":37,"column":4},"end":{"line":43,"column":6}},"12":{"start":{"line":48,"column":4},"end":{"line":110,"column":6}}},"fnMap":{"0":{"name":"(anonymous_0)","decl":{"start":{"line":6,"column":2},"end":{"line":6,"column":3}},"loc":{"start":{"line":6,"column":21},"end":{"line":19,"column":3}},"line":6},"1":{"name":"(anonymous_1)","decl":{"start":{"line":21,"column":2},"end":{"line":21,"column":3}},"loc":{"start":{"line":21,"column":22},"end":{"line":25,"column":3}},"line":21},"2":{"name":"(anonymous_2)","decl":{"start":{"line":29,"column":2},"end":{"line":29,"column":3}},"loc":{"start":{"line":29,"column":17},"end":{"line":44,"column":3}},"line":29},"3":{"name":"(anonymous_3)","decl":{"start":{"line":47,"column":2},"end":{"line":47,"column":3}},"loc":{"start":{"line":47,"column":11},"end":{"line":111,"column":3}},"line":47}},"branchMap":{},"s":{"0":0,"1":0,"2":0,"3":0,"4":0,"5":0,"6":0,"7":0,"8":0,"9":0,"10":0,"11":0,"12":0},"f":{"0":0,"1":0,"2":0,"3":0},"b":{},"_coverageSchema":"1a1c01bbd47fc00a2c39e90264f33305004495a9","hash":"f5aba8a3bd18446b89c450f1ce57fd9ec87a70df"}
,"/Users/marissa/Desktop/FEC/reviews_service/client/src/Filters/RatingButton.jsx": {"path":"/Users/marissa/Desktop/FEC/reviews_service/client/src/Filters/RatingButton.jsx","statementMap":{"0":{"start":{"line":6,"column":4},"end":{"line":6,"column":17}},"1":{"start":{"line":8,"column":4},"end":{"line":10,"column":5}},"2":{"start":{"line":12,"column":4},"end":{"line":12,"column":51}},"3":{"start":{"line":21,"column":4},"end":{"line":21,"column":27}},"4":{"start":{"line":23,"column":20},"end":{"line":30,"column":5}},"5":{"start":{"line":24,"column":8},"end":{"line":29,"column":9}},"6":{"start":{"line":25,"column":10},"end":{"line":27,"column":13}},"7":{"start":{"line":25,"column":34},"end":{"line":27,"column":11}},"8":{"start":{"line":28,"column":10},"end":{"line":28,"column":40}},"9":{"start":{"line":32,"column":4},"end":{"line":38,"column":8}},"10":{"start":{"line":34,"column":8},"end":{"line":34,"column":85}},"11":{"start":{"line":37,"column":8},"end":{"line":37,"column":24}},"12":{"start":{"line":46,"column":4},"end":{"line":58,"column":6}}},"fnMap":{"0":{"name":"(anonymous_0)","decl":{"start":{"line":5,"column":2},"end":{"line":5,"column":3}},"loc":{"start":{"line":5,"column":21},"end":{"line":15,"column":3}},"line":5},"1":{"name":"(anonymous_1)","decl":{"start":{"line":19,"column":2},"end":{"line":19,"column":3}},"loc":{"start":{"line":19,"column":21},"end":{"line":41,"column":3}},"line":19},"2":{"name":"(anonymous_2)","decl":{"start":{"line":23,"column":20},"end":{"line":23,"column":21}},"loc":{"start":{"line":23,"column":26},"end":{"line":30,"column":5}},"line":23},"3":{"name":"(anonymous_3)","decl":{"start":{"line":24,"column":28},"end":{"line":24,"column":29}},"loc":{"start":{"line":24,"column":49},"end":{"line":29,"column":8}},"line":24},"4":{"name":"(anonymous_4)","decl":{"start":{"line":25,"column":24},"end":{"line":25,"column":25}},"loc":{"start":{"line":25,"column":34},"end":{"line":27,"column":11}},"line":25},"5":{"name":"(anonymous_5)","decl":{"start":{"line":33,"column":13},"end":{"line":33,"column":14}},"loc":{"start":{"line":33,"column":25},"end":{"line":35,"column":7}},"line":33},"6":{"name":"(anonymous_6)","decl":{"start":{"line":36,"column":14},"end":{"line":36,"column":15}},"loc":{"start":{"line":36,"column":23},"end":{"line":38,"column":7}},"line":36},"7":{"name":"(anonymous_7)","decl":{"start":{"line":45,"column":2},"end":{"line":45,"column":3}},"loc":{"start":{"line":45,"column":11},"end":{"line":59,"column":3}},"line":45}},"branchMap":{"0":{"loc":{"start":{"line":50,"column":10},"end":{"line":51,"column":135}},"type":"binary-expr","locations":[{"start":{"line":50,"column":10},"end":{"line":50,"column":32}},{"start":{"line":51,"column":10},"end":{"line":51,"column":135}}],"line":50},"1":{"loc":{"start":{"line":54,"column":10},"end":{"line":55,"column":141}},"type":"binary-expr","locations":[{"start":{"line":54,"column":10},"end":{"line":54,"column":31}},{"start":{"line":55,"column":10},"end":{"line":55,"column":141}}],"line":54}},"s":{"0":0,"1":0,"2":0,"3":0,"4":0,"5":0,"6":0,"7":0,"8":0,"9":0,"10":0,"11":0,"12":0},"f":{"0":0,"1":0,"2":0,"3":0,"4":0,"5":0,"6":0,"7":0},"b":{"0":[0,0],"1":[0,0]},"_coverageSchema":"1a1c01bbd47fc00a2c39e90264f33305004495a9","hash":"64e843bdd168d8d8f84f98819b5efad433ad56fc"}
,"/Users/marissa/Desktop/FEC/reviews_service/client/src/Filters/Season.jsx": {"path":"/Users/marissa/Desktop/FEC/reviews_service/client/src/Filters/Season.jsx","statementMap":{"0":{"start":{"line":2,"column":16},"end":{"line":2,"column":35}},"1":{"start":{"line":7,"column":4},"end":{"line":7,"column":17}},"2":{"start":{"line":9,"column":4},"end":{"line":11,"column":5}},"3":{"start":{"line":13,"column":4},"end":{"line":13,"column":51}},"4":{"start":{"line":20,"column":4},"end":{"line":20,"column":27}},"5":{"start":{"line":22,"column":20},"end":{"line":29,"column":5}},"6":{"start":{"line":23,"column":8},"end":{"line":28,"column":9}},"7":{"start":{"line":24,"column":10},"end":{"line":26,"column":13}},"8":{"start":{"line":24,"column":34},"end":{"line":26,"column":11}},"9":{"start":{"line":27,"column":10},"end":{"line":27,"column":40}},"10":{"start":{"line":31,"column":4},"end":{"line":37,"column":8}},"11":{"start":{"line":33,"column":8},"end":{"line":33,"column":85}},"12":{"start":{"line":36,"column":8},"end":{"line":36,"column":24}},"13":{"start":{"line":43,"column":4},"end":{"line":57,"column":6}}},"fnMap":{"0":{"name":"(anonymous_0)","decl":{"start":{"line":6,"column":2},"end":{"line":6,"column":3}},"loc":{"start":{"line":6,"column":21},"end":{"line":14,"column":3}},"line":6},"1":{"name":"(anonymous_1)","decl":{"start":{"line":18,"column":2},"end":{"line":18,"column":3}},"loc":{"start":{"line":18,"column":21},"end":{"line":40,"column":3}},"line":18},"2":{"name":"(anonymous_2)","decl":{"start":{"line":22,"column":20},"end":{"line":22,"column":21}},"loc":{"start":{"line":22,"column":26},"end":{"line":29,"column":5}},"line":22},"3":{"name":"(anonymous_3)","decl":{"start":{"line":23,"column":28},"end":{"line":23,"column":29}},"loc":{"start":{"line":23,"column":49},"end":{"line":28,"column":8}},"line":23},"4":{"name":"(anonymous_4)","decl":{"start":{"line":24,"column":24},"end":{"line":24,"column":25}},"loc":{"start":{"line":24,"column":34},"end":{"line":26,"column":11}},"line":24},"5":{"name":"(anonymous_5)","decl":{"start":{"line":32,"column":13},"end":{"line":32,"column":14}},"loc":{"start":{"line":32,"column":25},"end":{"line":34,"column":7}},"line":32},"6":{"name":"(anonymous_6)","decl":{"start":{"line":35,"column":14},"end":{"line":35,"column":15}},"loc":{"start":{"line":35,"column":23},"end":{"line":37,"column":7}},"line":35},"7":{"name":"(anonymous_7)","decl":{"start":{"line":42,"column":2},"end":{"line":42,"column":3}},"loc":{"start":{"line":42,"column":11},"end":{"line":58,"column":3}},"line":42}},"branchMap":{"0":{"loc":{"start":{"line":46,"column":8},"end":{"line":47,"column":133}},"type":"binary-expr","locations":[{"start":{"line":46,"column":8},"end":{"line":46,"column":30}},{"start":{"line":47,"column":8},"end":{"line":47,"column":133}}],"line":46},"1":{"loc":{"start":{"line":50,"column":8},"end":{"line":51,"column":139}},"type":"binary-expr","locations":[{"start":{"line":50,"column":8},"end":{"line":50,"column":29}},{"start":{"line":51,"column":8},"end":{"line":51,"column":139}}],"line":50}},"s":{"0":2,"1":0,"2":0,"3":0,"4":0,"5":0,"6":0,"7":0,"8":0,"9":0,"10":0,"11":0,"12":0,"13":0},"f":{"0":0,"1":0,"2":0,"3":0,"4":0,"5":0,"6":0,"7":0},"b":{"0":[0,0],"1":[0,0]},"_coverageSchema":"1a1c01bbd47fc00a2c39e90264f33305004495a9","hash":"fbf6a10a79c68dc9d31e0c45291f6eda9f861ba9"}
,"/Users/marissa/Desktop/FEC/reviews_service/client/src/Filters/TravelType.jsx": {"path":"/Users/marissa/Desktop/FEC/reviews_service/client/src/Filters/TravelType.jsx","statementMap":{"0":{"start":{"line":6,"column":4},"end":{"line":6,"column":17}},"1":{"start":{"line":8,"column":4},"end":{"line":10,"column":5}},"2":{"start":{"line":12,"column":4},"end":{"line":12,"column":51}},"3":{"start":{"line":17,"column":4},"end":{"line":17,"column":27}},"4":{"start":{"line":19,"column":20},"end":{"line":26,"column":5}},"5":{"start":{"line":20,"column":8},"end":{"line":25,"column":9}},"6":{"start":{"line":21,"column":10},"end":{"line":23,"column":13}},"7":{"start":{"line":21,"column":34},"end":{"line":23,"column":11}},"8":{"start":{"line":24,"column":10},"end":{"line":24,"column":40}},"9":{"start":{"line":28,"column":4},"end":{"line":34,"column":8}},"10":{"start":{"line":30,"column":8},"end":{"line":30,"column":84}},"11":{"start":{"line":33,"column":8},"end":{"line":33,"column":24}},"12":{"start":{"line":40,"column":4},"end":{"line":52,"column":6}}},"fnMap":{"0":{"name":"(anonymous_0)","decl":{"start":{"line":5,"column":2},"end":{"line":5,"column":3}},"loc":{"start":{"line":5,"column":21},"end":{"line":13,"column":3}},"line":5},"1":{"name":"(anonymous_1)","decl":{"start":{"line":15,"column":2},"end":{"line":15,"column":3}},"loc":{"start":{"line":15,"column":21},"end":{"line":37,"column":3}},"line":15},"2":{"name":"(anonymous_2)","decl":{"start":{"line":19,"column":20},"end":{"line":19,"column":21}},"loc":{"start":{"line":19,"column":26},"end":{"line":26,"column":5}},"line":19},"3":{"name":"(anonymous_3)","decl":{"start":{"line":20,"column":28},"end":{"line":20,"column":29}},"loc":{"start":{"line":20,"column":49},"end":{"line":25,"column":8}},"line":20},"4":{"name":"(anonymous_4)","decl":{"start":{"line":21,"column":24},"end":{"line":21,"column":25}},"loc":{"start":{"line":21,"column":34},"end":{"line":23,"column":11}},"line":21},"5":{"name":"(anonymous_5)","decl":{"start":{"line":29,"column":13},"end":{"line":29,"column":14}},"loc":{"start":{"line":29,"column":25},"end":{"line":31,"column":7}},"line":29},"6":{"name":"(anonymous_6)","decl":{"start":{"line":32,"column":14},"end":{"line":32,"column":15}},"loc":{"start":{"line":32,"column":23},"end":{"line":34,"column":7}},"line":32},"7":{"name":"(anonymous_7)","decl":{"start":{"line":39,"column":2},"end":{"line":39,"column":3}},"loc":{"start":{"line":39,"column":11},"end":{"line":53,"column":3}},"line":39}},"branchMap":{"0":{"loc":{"start":{"line":43,"column":8},"end":{"line":44,"column":133}},"type":"binary-expr","locations":[{"start":{"line":43,"column":8},"end":{"line":43,"column":30}},{"start":{"line":44,"column":8},"end":{"line":44,"column":133}}],"line":43},"1":{"loc":{"start":{"line":47,"column":8},"end":{"line":48,"column":139}},"type":"binary-expr","locations":[{"start":{"line":47,"column":8},"end":{"line":47,"column":29}},{"start":{"line":48,"column":8},"end":{"line":48,"column":139}}],"line":47}},"s":{"0":0,"1":0,"2":0,"3":0,"4":0,"5":0,"6":0,"7":0,"8":0,"9":0,"10":0,"11":0,"12":0},"f":{"0":0,"1":0,"2":0,"3":0,"4":0,"5":0,"6":0,"7":0},"b":{"0":[0,0],"1":[0,0]},"_coverageSchema":"1a1c01bbd47fc00a2c39e90264f33305004495a9","hash":"febb19faa7b7cad0cb843bec90a69ee7822087b1"}
}
